Microsoft HTML Help Compiler 4.74.8702

Compiling e:\PrecisionWare\Precision Helper\Help\hhcerrormsg.cs\hhcerrormsg.cs.chm

global\errors.css
html\main.htm
errors\HHC1000.htm
errors\HHC3000.htm
errors\HHC3001.htm
errors\HHC3002.htm
errors\HHC3003.htm
errors\HHC3004.htm
errors\HHC3005.htm
errors\HHC3006.htm
errors\HHC3007.htm
errors\HHC3008.htm
errors\HHC3009.htm
errors\HHC3010.htm
errors\HHC3011.htm
errors\HHC3012.htm
errors\HHC3013.htm
errors\HHC3014.htm
errors\HHC3015.htm
errors\HHC4001.htm
errors\HHC4002.htm
errors\HHC4003.htm
errors\HHC4004.htm
errors\HHC4005.htm
errors\HHC4006.htm
errors\HHC4007.htm
errors\HHC4008.htm
errors\HHC4009.htm
errors\HHC4010.htm
errors\HHC4011.htm
errors\hhc4012.htm
errors\HHC4013.htm
errors\HHC4014.htm
errors\HHC4015.htm
errors\HHC4016.htm
errors\HHC5000.htm
errors\HHC5001.htm
errors\HHC5002.htm
errors\HHC5003.htm
errors\HHC5005.htm
errors\HHC5006.htm
errors\HHC5007.htm
errors\HHC5008.htm
errors\HHC5009.htm
errors\HHC5010.htm
errors\HHC5011.htm
errors\HHC5012.htm
errors\HHC5013.htm
errors\HHC6000.htm
errors\HHC6001.htm
errors\HHC6002.htm
errors\HHC6003.htm
errors\EXITCODE.htm
errors\WINERR.htm

Compile time: 0 minutes, 0 seconds
53	Topics
54	Local links
56	Internet links
0	Graphics


Created e:\PrecisionWare\Precision Helper\Help\hhcerrormsg.cs\hhcerrormsg.cs.chm, 41,261 bytes
Compression decreased file by 57,458 bytes.
