Microsoft HTML Help Compiler 4.74.8702

Compiling e:\PrecisionWare\Precision Helper\Help\en\PrecisionHelper.en.chm

img\about.jpg
img\apitest.jpg
img\bottom_line.gif
img\build.jpg
img\Certificate.gif
img\cmdline.gif
topics\CmdLine.htm
img\cmdline.jpg
Contents.hhc
img\context.jpg
topics\Credits.htm
img\credits.jpg
topics\default.htm
img\desktop.jpg
topics\dialogAbout.htm
topics\dialogCompile.htm
topics\dialogKeySel.htm
topics\dialogOptions.htm
topics\dialogPrjFiles.htm
topics\Dialogs.htm
img\errlog.jpg
topics\ExportPDF.htm
img\FeatureList.gif
topics\Features.htm
img\filesel.jpg
topics\GUI.htm
img\gui.jpg
img\help.jpg
topics\helpBar.htm
topics\helpBar_Help.htm
topics\helpBar_Log.htm
topics\helpBar_OI.htm
topics\helpBar_Search.htm
topics\Highlights.htm
img\highlights.jpg
img\home.jpg
topics\HomePage.htm
topics\HowToDoIt.htm
topics\ChangeLog.htm
topics\ChangeUI.htm
img\chm.jpg
img\icon.jpg
img\idxgen.jpg
img\impchm.jpg
Index.hhk
img\index.jpg
topics\Installation.htm
topics\License.htm
img\locprj.jpg
img\logo.gif
topics\mainForm.htm
topics\mainMenu.htm
img\menu.jpg
topics\navBar.htm
topics\navBar_Builds.htm
topics\navBar_Files.htm
topics\navBar_IDX.htm
topics\navBar_MAP.htm
topics\navBar_Others.htm
topics\navBar_TOC.htm
img\navbar2.jpg
img\oi.jpg
img\options.jpg
topics\OtherRefs.htm
img\otherrefs.jpg
img\others.jpg
topics\pageBuilds.htm
topics\pageFiles.htm
topics\pageMap.htm
topics\pageMergeFiles.htm
topics\pageProject.htm
topics\pageTopic.htm
topics\pageUSec.htm
topics\pageWinTypes.htm
img\pc.jpg
img\Pdf.gif
img\pprops.jpg
img\prj.jpg
topics\ProjectsList.htm
topics\quickBar.htm
img\quickbar.jpg
img\ribbon.jpg
topics\ribbonBar.htm
img\search.jpg
img\setup.jpg
img\singledoc.jpg
img\ss_builds.jpg
img\ss_compile.jpg
img\ss_expsd.jpg
img\ss_files.jpg
img\ss_gui.jpg
img\ss_gui2.jpg
img\ss_changeui01.jpg
img\ss_changeui02.jpg
img\ss_changeui03.jpg
img\ss_changeui04.jpg
img\ss_changeui05.jpg
img\ss_chmview.jpg
img\ss_index.jpg
img\ss_keysel.jpg
img\ss_log.jpg
img\ss_map.jpg
img\ss_map2.jpg
img\ss_menu.jpg
img\ss_navbar.jpg
img\ss_oi.jpg
img\ss_options.jpg
img\ss_printpdf.jpg
img\ss_prjfiles.jpg
img\ss_projectlist.jpg
img\ss_public.jpg
img\ss_quickkeys.jpg
img\ss_search.jpg
img\ss_setup.jpg
img\ss_setuphhw.jpg
img\ss_speeddial.jpg
img\ss_status.jpg
img\ss_topic.jpg
img\ss_UI.jpg
img\ss_welcome_01s.jpg
img\ss_wintype.jpg
topics\statusBar.htm
img\statusbar.jpg
css\styles_standard.css
topics\SysReq.htm
topics\tabBar.htm
img\tabs.jpg
img\toc.jpg
img\tocgen.jpg
topics\Tools.htm
topics\toolsAPITester.htm
topics\toolsExportSingleDoc.htm
topics\toolsExportWebHelp.htm
topics\toolsCHMViewer.htm
topics\toolsIDXGen.htm
topics\toolsImportCHM.htm
topics\toolsLocatePrj.htm
topics\toolsTOCGen.htm
img\topic.jpg
img\topicbar.gif
img\topicbar_left.gif
img\usec.jpg
img\webhelp.jpg
img\welcomeHelper.jpg
img\wt.jpg

Compile time: 0 minutes, 2 seconds
59	Topics
764	Local links
28	Internet links
0	Graphics


Created e:\PrecisionWare\Precision Helper\Help\en\PrecisionHelper.en.chm, 1,018,606 bytes
Compression decreased file by 511,497 bytes.
